This is pdfTeX, Version 3.141592-1.40.4 (MiKTeX 2.7) (preloaded format=pdflatex 2008.10.27)  4 NOV 2008 20:45
entering extended mode
**E:/acads/resume/texresumes/pathak.tex
(E:/acads/resume/texresumes/pathak.tex
LaTeX2e <2005/12/01>
Babel <v3.8h> and hyphenation patterns for english, dumylang, nohyphenation, ge
rman, ngerman, french, loaded.
("D:\Program Files\MiKTeX 2.7\tex\latex\base\article.cls"
Document Class: article 2005/09/16 v1.4f Standard LaTeX document class
("D:\Program Files\MiKTeX 2.7\tex\latex\base\size11.clo"
File: size11.clo 2005/09/16 v1.4f Standard LaTeX file (size option)
)
\c@part=\count79
\c@section=\count80
\c@subsection=\count81
\c@subsubsection=\count82
\c@paragraph=\count83
\c@subparagraph=\count84
\c@figure=\count85
\c@table=\count86
\abovecaptionskip=\skip41
\belowcaptionskip=\skip42
\bibindent=\dimen102
) (shading.sty
\graybox=\box26
\xgrayspace=\dimen103
\ygrayspace=\dimen104
)
(pathak.aux)
LaTeX Font Info:    Checking defaults for OML/cmm/m/it on input line 36.
LaTeX Font Info:    ... okay on input line 36.
LaTeX Font Info:    Checking defaults for T1/cmr/m/n on input line 36.
LaTeX Font Info:    ... okay on input line 36.
LaTeX Font Info:    Checking defaults for OT1/cmr/m/n on input line 36.
LaTeX Font Info:    ... okay on input line 36.
LaTeX Font Info:    Checking defaults for OMS/cmsy/m/n on input line 36.
LaTeX Font Info:    ... okay on input line 36.
LaTeX Font Info:    Checking defaults for OMX/cmex/m/n on input line 36.
LaTeX Font Info:    ... okay on input line 36.
LaTeX Font Info:    Checking defaults for U/cmr/m/n on input line 36.
LaTeX Font Info:    ... okay on input line 36.
LaTeX Font Info:    External font `cmex10' loaded for size
(Font)              <10.95> on input line 37.
LaTeX Font Info:    External font `cmex10' loaded for size
(Font)              <8> on input line 37.
LaTeX Font Info:    External font `cmex10' loaded for size
(Font)              <6> on input line 37.

Overfull \hbox (5.35345pt too wide) in paragraph at lines 45--63
[][]  
 []

LaTeX Font Info:    Try loading font information for OMS+cmr on input line 66.
("D:\Program Files\MiKTeX 2.7\tex\latex\base\omscmr.fd"
File: omscmr.fd 1999/05/25 v2.5h Standard LaTeX font definitions
)
LaTeX Font Info:    Font shape `OMS/cmr/m/n' in size <10.95> not available
(Font)              Font shape `OMS/cmsy/m/n' tried instead on input line 66.
 [1


Non-PDF special ignored!{D:/Documents and Settings/All Users.WINDOWS/Applicatio
n Data/MiKTeX/2.7/pdftex/config/pdftex.map}
Non-PDF special ignored!
Non-PDF special ignored!]
Overfull \hbox (14.09799pt too wide) in alignment at lines 149--149
[] []
 []

Missing character: There is no ’ in font cmr10!
[2] [3
Non-PDF special ignored!
Non-PDF special ignored!
Non-PDF special ignored!]
Missing character: There is no ê in font cmr10!
 [4
Non-PDF special ignored!
Non-PDF special ignored!
Non-PDF special ignored!
Non-PDF special ignored!] [5] (pathak.aux) ) 
Here is how much of TeX's memory you used:
 272 strings out of 95340
 2899 string characters out of 1184146
 53729 words of memory out of 1500000
 3524 multiletter control sequences out of 110000
 7945 words of font info for 28 fonts, out of 1200000 for 2000
 14 hyphenation exceptions out of 8191
 21i,9n,19p,303b,198s stack positions out of 5000i,500n,10000p,200000b,5000s
<D:/Program Files/MiKTeX 2.7/fonts/
type1/bluesky/cm/cmbx10.pfb><D:/Program Files/MiKTeX 2.7/fonts/type1/bluesky/cm
/cmbx12.pfb><D:/Program Files/MiKTeX 2.7/fonts/type1/bluesky/cm/cmr10.pfb><D:/P
rogram Files/MiKTeX 2.7/fonts/type1/bluesky/cm/cmr8.pfb><D:/Program Files/MiKTe
X 2.7/fonts/type1/bluesky/cm/cmsy10.pfb><D:/Program Files/MiKTeX 2.7/fonts/type
1/bluesky/cm/cmti10.pfb>
Output written on pathak.pdf (5 pages, 67503 bytes).
PDF statistics:
 42 PDF objects out of 1000 (max. 8388607)
 0 named destinations out of 1000 (max. 131072)
 1 words of extra memory for PDF output out of 10000 (max. 10000000)

